
*** Running vivado
    with args -log amc_simulator.vds -m64 -product Vivado -mode batch -messageDb vivado.pb -notrace -source amc_simulator.tcl



****** Vivado v2024.1 (64-bit)
  **** SW Build 5076996 on Wed May 22 18:37:14 MDT 2024
  **** IP Build 5075265 on Wed May 22 21:45:21 MDT 2024
  **** SharedData Build 5076995 on Wed May 22 18:29:18 MDT 2024
  **** Start of session at: Tue Oct 29 19:09:43 2024
    ** Copyright 1986-2022 Xilinx, Inc. All Rights Reserved.
    ** Copyright 2022-2024 Advanced Micro Devices, Inc. All Rights Reserved.

source amc_simulator.tcl -notrace
create_project: Time (s): cpu = 00:00:05 ; elapsed = 00:00:08 . Memory (MB): peak = 484.938 ; gain = 200.812
INFO: [IP_Flow 19-234] Refreshing IP repositories
INFO: [IP_Flow 19-1700] Loaded user IP repository 'c:/Users/angro/Desktop/hil/amc/hdlsrc/amc_simulator'.
INFO: [IP_Flow 19-2313] Loaded Vivado IP repository 'C:/Xilinx/Vivado/2024.1/data/ip'.
WARNING: [IP_Flow 19-4995] The host OS only allows 260 characters in a normal path. The IP cache path is more than 80 characters. If you experience issues with IP caching, please consider changing the IP cache to a location with a shorter path. Alternately consider using the OS subst command to map part of the path to a drive letter. 
Current IP cache path is c:/users/angro/desktop/hil/amc/fpga/ip_amc/managed_ip_project/managed_ip_project.tmp/amc_sensor.cache/ip 
Command: read_checkpoint -auto_incremental -incremental c:/users/angro/desktop/hil/amc/fpga/ip_amc/managed_ip_project/managed_ip_project.tmp/amc_sensor.srcs/utils_1/imports/synth_1/amc_simulator.dcp
INFO: [Vivado 12-5825] Read reference checkpoint from c:/users/angro/desktop/hil/amc/fpga/ip_amc/managed_ip_project/managed_ip_project.tmp/amc_sensor.srcs/utils_1/imports/synth_1/amc_simulator.dcp for incremental synthesis
INFO: [Vivado 12-7989] Please ensure there are no constraint changes
Command: synth_design -top amc_simulator -part xc7s25csga225-1
Starting synth_design
Attempting to get a license for feature 'Synthesis' and/or device 'xc7s25'
INFO: [Common 17-349] Got license for feature 'Synthesis' and/or device 'xc7s25'
INFO: [Designutils 20-5440] No compile time benefit to using incremental synthesis; A full resynthesis will be run
INFO: [Designutils 20-4379] Flow is switching to default flow due to incremental criteria not met. If you would like to alter this behaviour and have the flow terminate instead, please set the following parameter config_implementation {autoIncr.Synth.RejectBehavior Terminate}
INFO: [Synth 8-7079] Multithreading enabled for synth_design using a maximum of 2 processes.
INFO: [Synth 8-7078] Launching helper process for spawning children vivado processes
INFO: [Synth 8-7075] Helper process launched with PID 16092
---------------------------------------------------------------------------------
Starting Synthesize : Time (s): cpu = 00:00:04 ; elapsed = 00:00:06 . Memory (MB): peak = 953.566 ; gain = 451.855
---------------------------------------------------------------------------------
INFO: [Synth 8-6157] synthesizing module 'amc_simulator' [c:/Users/angro/Desktop/hil/amc/hdlsrc/amc_simulator/amc_simulator.v:41]
INFO: [Synth 8-6157] synthesizing module 'cnter' [c:/Users/angro/Desktop/hil/amc/hdlsrc/amc_simulator/cnter.v:22]
INFO: [Synth 8-6157] synthesizing module 'Increment_Real_World' [c:/Users/angro/Desktop/hil/amc/hdlsrc/amc_simulator/Increment_Real_World.v:22]
INFO: [Synth 8-6155] done synthesizing module 'Increment_Real_World' (0#1) [c:/Users/angro/Desktop/hil/amc/hdlsrc/amc_simulator/Increment_Real_World.v:22]
INFO: [Synth 8-6157] synthesizing module 'Wrap_To_Zero' [c:/Users/angro/Desktop/hil/amc/hdlsrc/amc_simulator/Wrap_To_Zero.v:22]
INFO: [Synth 8-6155] done synthesizing module 'Wrap_To_Zero' (0#1) [c:/Users/angro/Desktop/hil/amc/hdlsrc/amc_simulator/Wrap_To_Zero.v:22]
INFO: [Synth 8-6155] done synthesizing module 'cnter' (0#1) [c:/Users/angro/Desktop/hil/amc/hdlsrc/amc_simulator/cnter.v:22]
INFO: [Synth 8-6157] synthesizing module 'vac_gen' [c:/Users/angro/Desktop/hil/amc/hdlsrc/amc_simulator/vac_gen.v:22]
INFO: [Synth 8-6155] done synthesizing module 'vac_gen' (0#1) [c:/Users/angro/Desktop/hil/amc/hdlsrc/amc_simulator/vac_gen.v:22]
INFO: [Synth 8-6155] done synthesizing module 'amc_simulator' (0#1) [c:/Users/angro/Desktop/hil/amc/hdlsrc/amc_simulator/amc_simulator.v:41]
---------------------------------------------------------------------------------
Finished Synthesize : Time (s): cpu = 00:00:05 ; elapsed = 00:00:08 . Memory (MB): peak = 1062.387 ; gain = 560.676
---------------------------------------------------------------------------------
---------------------------------------------------------------------------------
Finished Constraint Validation : Time (s): cpu = 00:00:06 ; elapsed = 00:00:09 . Memory (MB): peak = 1062.387 ; gain = 560.676
---------------------------------------------------------------------------------
---------------------------------------------------------------------------------
Start Loading Part and Timing Information
---------------------------------------------------------------------------------
Loading part: xc7s25csga225-1
---------------------------------------------------------------------------------
Finished Loading Part and Timing Information : Time (s): cpu = 00:00:06 ; elapsed = 00:00:09 . Memory (MB): peak = 1062.387 ; gain = 560.676
---------------------------------------------------------------------------------
INFO: [Device 21-403] Loading part xc7s25csga225-1
---------------------------------------------------------------------------------
Finished RTL Optimization Phase 2 : Time (s): cpu = 00:00:06 ; elapsed = 00:00:09 . Memory (MB): peak = 1062.387 ; gain = 560.676
---------------------------------------------------------------------------------
No constraint files found.
---------------------------------------------------------------------------------
Start RTL Component Statistics 
---------------------------------------------------------------------------------
Detailed RTL Component Info : 
+---Adders : 
	   2 Input   16 Bit       Adders := 1     
	   2 Input    8 Bit       Adders := 1     
+---Registers : 
	               16 Bit    Registers := 1     
	                8 Bit    Registers := 2     
+---Muxes : 
	   2 Input   16 Bit        Muxes := 1     
	   2 Input    8 Bit        Muxes := 1     
---------------------------------------------------------------------------------
Finished RTL Component Statistics 
---------------------------------------------------------------------------------
---------------------------------------------------------------------------------
Start Part Resource Summary
---------------------------------------------------------------------------------
INFO: [Device 21-9227] Part: xc7s25csga225-1 does not have CEAM library.
Part Resources:
DSPs: 80 (col length:40)
BRAMs: 90 (col length: RAMB18 40 RAMB36 20)
---------------------------------------------------------------------------------
Finished Part Resource Summary
---------------------------------------------------------------------------------
No constraint files found.
---------------------------------------------------------------------------------
Start Cross Boundary and Area Optimization
---------------------------------------------------------------------------------
WARNING: [Synth 8-7080] Parallel synthesis criteria is not met
---------------------------------------------------------------------------------
Finished Cross Boundary and Area Optimization : Time (s): cpu = 00:00:09 ; elapsed = 00:00:15 . Memory (MB): peak = 1229.008 ; gain = 727.297
---------------------------------------------------------------------------------
No constraint files found.
---------------------------------------------------------------------------------
Start Timing Optimization
---------------------------------------------------------------------------------
---------------------------------------------------------------------------------
Finished Timing Optimization : Time (s): cpu = 00:00:09 ; elapsed = 00:00:15 . Memory (MB): peak = 1229.008 ; gain = 727.297
---------------------------------------------------------------------------------
---------------------------------------------------------------------------------
Start Technology Mapping
---------------------------------------------------------------------------------
---------------------------------------------------------------------------------
Finished Technology Mapping : Time (s): cpu = 00:00:09 ; elapsed = 00:00:15 . Memory (MB): peak = 1229.008 ; gain = 727.297
---------------------------------------------------------------------------------
---------------------------------------------------------------------------------
Start IO Insertion
---------------------------------------------------------------------------------
---------------------------------------------------------------------------------
Start Flattening Before IO Insertion
---------------------------------------------------------------------------------
---------------------------------------------------------------------------------
Finished Flattening Before IO Insertion
---------------------------------------------------------------------------------
---------------------------------------------------------------------------------
Start Final Netlist Cleanup
---------------------------------------------------------------------------------
---------------------------------------------------------------------------------
Finished Final Netlist Cleanup
---------------------------------------------------------------------------------
---------------------------------------------------------------------------------
Finished IO Insertion : Time (s): cpu = 00:00:12 ; elapsed = 00:00:20 . Memory (MB): peak = 1229.008 ; gain = 727.297
---------------------------------------------------------------------------------
---------------------------------------------------------------------------------
Start Renaming Generated Instances
---------------------------------------------------------------------------------
---------------------------------------------------------------------------------
Finished Renaming Generated Instances : Time (s): cpu = 00:00:12 ; elapsed = 00:00:20 . Memory (MB): peak = 1229.008 ; gain = 727.297
---------------------------------------------------------------------------------
---------------------------------------------------------------------------------
Start Rebuilding User Hierarchy
---------------------------------------------------------------------------------
---------------------------------------------------------------------------------
Finished Rebuilding User Hierarchy : Time (s): cpu = 00:00:12 ; elapsed = 00:00:20 . Memory (MB): peak = 1229.008 ; gain = 727.297
---------------------------------------------------------------------------------
---------------------------------------------------------------------------------
Start Renaming Generated Ports
---------------------------------------------------------------------------------
---------------------------------------------------------------------------------
Finished Renaming Generated Ports : Time (s): cpu = 00:00:12 ; elapsed = 00:00:20 . Memory (MB): peak = 1229.008 ; gain = 727.297
---------------------------------------------------------------------------------
---------------------------------------------------------------------------------
Start Handling Custom Attributes
---------------------------------------------------------------------------------
---------------------------------------------------------------------------------
Finished Handling Custom Attributes : Time (s): cpu = 00:00:12 ; elapsed = 00:00:20 . Memory (MB): peak = 1229.008 ; gain = 727.297
---------------------------------------------------------------------------------
---------------------------------------------------------------------------------
Start Renaming Generated Nets
---------------------------------------------------------------------------------
---------------------------------------------------------------------------------
Finished Renaming Generated Nets : Time (s): cpu = 00:00:12 ; elapsed = 00:00:20 . Memory (MB): peak = 1229.008 ; gain = 727.297
---------------------------------------------------------------------------------
---------------------------------------------------------------------------------
Start Writing Synthesis Report
---------------------------------------------------------------------------------

Report BlackBoxes: 
+-+--------------+----------+
| |BlackBox name |Instances |
+-+--------------+----------+
+-+--------------+----------+

Report Cell Usage: 
+------+-------+------+
|      |Cell   |Count |
+------+-------+------+
|1     |BUFG   |     1|
|2     |CARRY4 |    10|
|3     |LUT2   |    24|
|4     |LUT3   |     4|
|5     |LUT4   |     6|
|6     |LUT5   |     7|
|7     |LUT6   |    11|
|8     |FDRE   |    32|
|9     |IBUF   |    11|
|10    |OBUF   |     1|
+------+-------+------+

Report Instance Areas: 
+------+----------+-------+------+
|      |Instance  |Module |Cells |
+------+----------+-------+------+
|1     |top       |       |   107|
|2     |  u_cnter |cnter  |    78|
+------+----------+-------+------+
---------------------------------------------------------------------------------
Finished Writing Synthesis Report : Time (s): cpu = 00:00:12 ; elapsed = 00:00:20 . Memory (MB): peak = 1229.008 ; gain = 727.297
---------------------------------------------------------------------------------
Synthesis finished with 0 errors, 0 critical warnings and 1 warnings.
Synthesis Optimization Runtime : Time (s): cpu = 00:00:12 ; elapsed = 00:00:20 . Memory (MB): peak = 1229.008 ; gain = 727.297
Synthesis Optimization Complete : Time (s): cpu = 00:00:12 ; elapsed = 00:00:20 . Memory (MB): peak = 1229.008 ; gain = 727.297
INFO: [Project 1-571] Translating synthesized netlist
Netlist sorting complete. Time (s): cpu = 00:00:00 ; elapsed = 00:00:00.001 . Memory (MB): peak = 1238.980 ; gain = 0.000
INFO: [Netlist 29-17] Analyzing 10 Unisim elements for replacement
INFO: [Netlist 29-28] Unisim Transformation completed in 0 CPU seconds
INFO: [Project 1-570] Preparing netlist for logic optimization
INFO: [Opt 31-138] Pushed 0 inverter(s) to 0 load pin(s).
Netlist sorting complete. Time (s): cpu = 00:00:00 ; elapsed = 00:00:00 . Memory (MB): peak = 1334.266 ; gain = 0.000
INFO: [Project 1-111] Unisim Transformation Summary:
No Unisim elements were transformed.

Synth Design complete | Checksum: fd3c8513
INFO: [Common 17-83] Releasing license: Synthesis
30 Infos, 2 Warnings, 0 Critical Warnings and 0 Errors encountered.
synth_design completed successfully
synth_design: Time (s): cpu = 00:00:13 ; elapsed = 00:00:22 . Memory (MB): peak = 1334.266 ; gain = 840.207
Write ShapeDB Complete: Time (s): cpu = 00:00:00 ; elapsed = 00:00:00.001 . Memory (MB): peak = 1334.266 ; gain = 0.000
INFO: [Common 17-1381] The checkpoint 'c:/Users/angro/Desktop/hil/amc/fpga/ip_amc/managed_ip_project/managed_ip_project.tmp/amc_sensor.runs/synth_1/amc_simulator.dcp' has been generated.
INFO: [Vivado 12-24828] Executing command : report_utilization -file amc_simulator_utilization_synth.rpt -pb amc_simulator_utilization_synth.pb
INFO: [Common 17-206] Exiting Vivado at Tue Oct 29 19:10:18 2024...
